{
  "stats": {
    "suites": 1,
    "tests": 4,
    "passes": 0,
    "pending": 0,
    "failures": 4,
    "start": "2022-09-14T23:29:39.021Z",
    "end": "2022-09-14T23:29:39.248Z",
    "duration": 227,
    "testsRegistered": 4,
    "passPercent": 0,
    "pendingPercent": 0,
    "other": 0,
    "hasOther": false,
    "skipped": 0,
    "hasSkipped": false
  },
  "results": [
    {
      "uuid": "c34369e3-61a7-406f-ae4f-a68e62d21b8c",
      "title": "",
      "fullFile": "cypress/e2e/_requirements/10.TestCoverage.cy.js",
      "file": "cypress/e2e/_requirements/10.TestCoverage.cy.js",
      "beforeHooks": [],
      "afterHooks": [],
      "tests": [],
      "suites": [
        {
          "uuid": "5a6d0b3e-4479-499c-88ba-81610b303609",
          "title": "10 - Desenvolva testes para atingir 90% de cobertura total da aplicação",
          "fullFile": "",
          "file": "",
          "beforeHooks": [],
          "afterHooks": [],
          "tests": [
            {
              "title": "Cobertura de \"Statements\" total deverá ser maior ou igual a 90.",
              "fullTitle": "10 - Desenvolva testes para atingir 90% de cobertura total da aplicação Cobertura de \"Statements\" total deverá ser maior ou igual a 90.",
              "timedOut": null,
              "duration": 31,
              "state": "failed",
              "speed": null,
              "pass": false,
              "fail": true,
              "pending": false,
              "context": null,
              "code": "cy.task('getCoverage', (0, _getId.getId)()).its('total.statements.pct', {\n  timeout: 0\n}).should('be.gte', 90.00);",
              "err": {
                "message": "AssertionError: Timed out retrying after 0ms: expected 76.72 to be at least 90",
                "estack": "AssertionError: Timed out retrying after 0ms: expected 76.72 to be at least 90\n    at Context.eval (http://localhost:35831/__cypress/tests?p=cypress/e2e/_requirements/10.TestCoverage.cy.js:105:8)",
                "diff": "- 76.72\n+ 90\n"
              },
              "uuid": "e19c2347-1484-408a-9e26-41a749a2f85f",
              "parentUUID": "5a6d0b3e-4479-499c-88ba-81610b303609",
              "isHook": false,
              "skipped": false
            },
            {
              "title": "Cobertura de \"Functions\" total deverá ser maior ou igual a 90.",
              "fullTitle": "10 - Desenvolva testes para atingir 90% de cobertura total da aplicação Cobertura de \"Functions\" total deverá ser maior ou igual a 90.",
              "timedOut": null,
              "duration": 24,
              "state": "failed",
              "speed": null,
              "pass": false,
              "fail": true,
              "pending": false,
              "context": null,
              "code": "cy.task('getCoverage', (0, _getId.getId)()).its('total.functions.pct', {\n  timeout: 0\n}).should('be.gte', 90.00);",
              "err": {
                "message": "AssertionError: Timed out retrying after 0ms: expected 71.05 to be at least 90",
                "estack": "AssertionError: Timed out retrying after 0ms: expected 71.05 to be at least 90\n    at Context.eval (http://localhost:35831/__cypress/tests?p=cypress/e2e/_requirements/10.TestCoverage.cy.js:110:8)",
                "diff": "- 71.05\n+ 90\n"
              },
              "uuid": "ce859f04-486c-4fb1-85b4-366fa96e4799",
              "parentUUID": "5a6d0b3e-4479-499c-88ba-81610b303609",
              "isHook": false,
              "skipped": false
            },
            {
              "title": "Cobertura de \"Branches\" total deverá ser maior ou igual a 90.",
              "fullTitle": "10 - Desenvolva testes para atingir 90% de cobertura total da aplicação Cobertura de \"Branches\" total deverá ser maior ou igual a 90.",
              "timedOut": null,
              "duration": 21,
              "state": "failed",
              "speed": null,
              "pass": false,
              "fail": true,
              "pending": false,
              "context": null,
              "code": "cy.task('getCoverage', (0, _getId.getId)()).its('total.branches.pct', {\n  timeout: 0\n}).should('be.gte', 90.00);",
              "err": {
                "message": "AssertionError: Timed out retrying after 0ms: expected 71.42 to be at least 90",
                "estack": "AssertionError: Timed out retrying after 0ms: expected 71.42 to be at least 90\n    at Context.eval (http://localhost:35831/__cypress/tests?p=cypress/e2e/_requirements/10.TestCoverage.cy.js:115:8)",
                "diff": "- 71.42\n+ 90\n"
              },
              "uuid": "1e003ed9-225a-4926-b7b5-d1a85e9e1d5b",
              "parentUUID": "5a6d0b3e-4479-499c-88ba-81610b303609",
              "isHook": false,
              "skipped": false
            },
            {
              "title": "Cobertura de \"Lines\" total deverá ser maior ou igual a 90.",
              "fullTitle": "10 - Desenvolva testes para atingir 90% de cobertura total da aplicação Cobertura de \"Lines\" total deverá ser maior ou igual a 90.",
              "timedOut": null,
              "duration": 21,
              "state": "failed",
              "speed": null,
              "pass": false,
              "fail": true,
              "pending": false,
              "context": null,
              "code": "cy.task('getCoverage', (0, _getId.getId)()).its('total.lines.pct', {\n  timeout: 0\n}).should('be.gte', 90.00);",
              "err": {
                "message": "AssertionError: Timed out retrying after 0ms: expected 78.3 to be at least 90",
                "estack": "AssertionError: Timed out retrying after 0ms: expected 78.3 to be at least 90\n    at Context.eval (http://localhost:35831/__cypress/tests?p=cypress/e2e/_requirements/10.TestCoverage.cy.js:120:8)",
                "diff": "- 78.3\n+ 90\n"
              },
              "uuid": "5e53188e-d93f-4ac5-8ce0-a71a0a18c925",
              "parentUUID": "5a6d0b3e-4479-499c-88ba-81610b303609",
              "isHook": false,
              "skipped": false
            }
          ],
          "suites": [],
          "passes": [],
          "failures": [
            "e19c2347-1484-408a-9e26-41a749a2f85f",
            "ce859f04-486c-4fb1-85b4-366fa96e4799",
            "1e003ed9-225a-4926-b7b5-d1a85e9e1d5b",
            "5e53188e-d93f-4ac5-8ce0-a71a0a18c925"
          ],
          "pending": [],
          "skipped": [],
          "duration": 97,
          "root": false,
          "rootEmpty": false,
          "_timeout": 2000
        }
      ],
      "passes": [],
      "failures": [],
      "pending": [],
      "skipped": [],
      "duration": 0,
      "root": true,
      "rootEmpty": true,
      "_timeout": 2000
    }
  ],
  "meta": {
    "mocha": {
      "version": "7.0.1"
    },
    "mochawesome": {
      "options": {
        "quiet": false,
        "reportFilename": "mochawesome",
        "saveHtml": false,
        "saveJson": true,
        "consoleReporter": "spec",
        "useInlineDiffs": false,
        "code": true
      },
      "version": "7.1.3"
    },
    "marge": {
      "options": {
        "id": "default",
        "reportDir": "cypress/reports",
        "overwrite": false,
        "html": false,
        "json": true
      },
      "version": "6.2.0"
    }
  }
}