{
  "stats": {
    "suites": 1,
    "tests": 2,
    "passes": 1,
    "pending": 0,
    "failures": 1,
    "start": "2022-09-14T23:29:30.800Z",
    "end": "2022-09-14T23:29:37.994Z",
    "duration": 7194,
    "testsRegistered": 2,
    "passPercent": 50,
    "pendingPercent": 0,
    "other": 0,
    "hasOther": false,
    "skipped": 0,
    "hasSkipped": false
  },
  "results": [
    {
      "uuid": "aca764ed-6e7e-4363-b750-fbfbbb969a77",
      "title": "",
      "fullFile": "cypress/e2e/_requirements/09.EditExpense.cy.js",
      "file": "cypress/e2e/_requirements/09.EditExpense.cy.js",
      "beforeHooks": [],
      "afterHooks": [],
      "tests": [],
      "suites": [
        {
          "uuid": "b31fc91e-b5d7-48ac-8a57-c7569f78c021",
          "title": "9 - Crie um botão para editar uma despesa da tabela contendo as seguintes características:",
          "fullFile": "",
          "file": "",
          "beforeHooks": [],
          "afterHooks": [],
          "tests": [
            {
              "title": "O botão deve estar dentro do último item da linha da tabela e deve possuir `data-testid=\"edit-btn\"`",
              "fullTitle": "9 - Crie um botão para editar uma despesa da tabela contendo as seguintes características: O botão deve estar dentro do último item da linha da tabela e deve possuir `data-testid=\"edit-btn\"`",
              "timedOut": null,
              "duration": 3229,
              "state": "passed",
              "speed": "fast",
              "pass": true,
              "fail": false,
              "pending": false,
              "context": null,
              "code": "cy.get('tbody tr').first().find('td').last().find(`button[data-testid=\"${_constants.BTN_EDIT_TEST_ID}\"]`).should('exist');\ncy.getByTestId(_constants.BTN_EDIT_TEST_ID).should('have.length', 2);",
              "err": {},
              "uuid": "87a5d56c-9ab9-405d-96da-cc54bb8a53fd",
              "parentUUID": "b31fc91e-b5d7-48ac-8a57-c7569f78c021",
              "isHook": false,
              "skipped": false
            },
            {
              "title": "O botão habilita um formulário para editar a linha da tabela ao ser clicado, após clicar em \"Editar despesa\" a despesa é atualizada e atualiza a soma de despesas no header.",
              "fullTitle": "9 - Crie um botão para editar uma despesa da tabela contendo as seguintes características: O botão habilita um formulário para editar a linha da tabela ao ser clicado, após clicar em \"Editar despesa\" a despesa é atualizada e atualiza a soma de despesas no header.",
              "timedOut": null,
              "duration": 2899,
              "state": "failed",
              "speed": null,
              "pass": false,
              "fail": true,
              "pending": false,
              "context": null,
              "code": "cy.getByTestId(_constants.BTN_EDIT_TEST_ID).first().click();\ncy.contains(/Adicionar despesa/i).should('not.exist');\ncy.contains(/Editar despesa/i).should('exist');\n(0, _helperFunctions.editExpense)({\n  value: '200',\n  currency: 'CAD',\n  method: 'Dinheiro',\n  tag: 'Saúde',\n  description: 'Duzentos dólares canadenses'\n});\nconst expectedTableRow = ['Duzentos dólares canadenses', 'Saúde', 'Dinheiro', '200.00', 'Dólar Canadense/Real Brasileiro', '3.76', '751.18', 'Real'];\nconst deleteBtn = 1;\ncy.get('tbody tr').first().find('td').should('have.length', expectedTableRow.length + deleteBtn);\ncy.wrap(expectedTableRow).each(expectedValue => {\n  cy.get('tbody tr').first().find('td').contains(expectedValue);\n});\ncy.getByTestId(_constants.TOTAL_FIELD_TEST_ID).should('have.text', '776.81');\nconst expectedExpenses = [{\n  id: 0,\n  value: '200',\n  currency: 'CAD',\n  method: 'Dinheiro',\n  tag: 'Saúde',\n  description: 'Duzentos dólares canadenses',\n  exchangeRates: _data.mockData\n}, _objectSpread(_objectSpread({}, _constants.initialExpenses[1]), {}, {\n  id: 1,\n  exchangeRates: _data.mockData\n})];\ncy.window().its('store').invoke('getState').its('wallet.expenses').should('deep.equal', expectedExpenses);",
              "err": {
                "message": "TypeError: The following error originated from your application code, not from Cypress.\n\n  > this.handleEdit is not a function\n\nWhen Cypress detects uncaught errors originating from your application it will automatically fail the current test.\n\nThis behavior is configurable, and you can choose to turn this off by listening to the `uncaught:exception` event.\n\nhttps://on.cypress.io/uncaught-exception-from-application",
                "estack": "TypeError: The following error originated from your application code, not from Cypress.\n\n  > this.handleEdit is not a function\n\nWhen Cypress detects uncaught errors originating from your application it will automatically fail the current test.\n\nThis behavior is configurable, and you can choose to turn this off by listening to the `uncaught:exception` event.\n\nhttps://on.cypress.io/uncaught-exception-from-application\n    at onClick (http://localhost:3000/static/js/bundle.js:586:22)\n    at HTMLUnknownElement.callCallback (http://localhost:3000/static/js/bundle.js:15034:18)\n    at Object.invokeGuardedCallbackDev (http://localhost:3000/static/js/bundle.js:15083:20)\n    at invokeGuardedCallback (http://localhost:3000/static/js/bundle.js:15143:35)\n    at invokeGuardedCallbackAndCatchFirstError (http://localhost:3000/static/js/bundle.js:15158:29)\n    at executeDispatch (http://localhost:3000/static/js/bundle.js:19393:7)\n    at processDispatchQueueItemsInOrder (http://localhost:3000/static/js/bundle.js:19425:11)\n    at processDispatchQueue (http://localhost:3000/static/js/bundle.js:19438:9)\n    at dispatchEventsForPlugins (http://localhost:3000/static/js/bundle.js:19449:7)\n    at http://localhost:3000/static/js/bundle.js:19660:16",
                "diff": null
              },
              "uuid": "a87deec9-1ac0-4439-9924-42de29e44b52",
              "parentUUID": "b31fc91e-b5d7-48ac-8a57-c7569f78c021",
              "isHook": false,
              "skipped": false
            }
          ],
          "suites": [],
          "passes": [
            "87a5d56c-9ab9-405d-96da-cc54bb8a53fd"
          ],
          "failures": [
            "a87deec9-1ac0-4439-9924-42de29e44b52"
          ],
          "pending": [],
          "skipped": [],
          "duration": 6128,
          "root": false,
          "rootEmpty": false,
          "_timeout": 2000
        }
      ],
      "passes": [],
      "failures": [],
      "pending": [],
      "skipped": [],
      "duration": 0,
      "root": true,
      "rootEmpty": true,
      "_timeout": 2000
    }
  ],
  "meta": {
    "mocha": {
      "version": "7.0.1"
    },
    "mochawesome": {
      "options": {
        "quiet": false,
        "reportFilename": "mochawesome",
        "saveHtml": false,
        "saveJson": true,
        "consoleReporter": "spec",
        "useInlineDiffs": false,
        "code": true
      },
      "version": "7.1.3"
    },
    "marge": {
      "options": {
        "id": "default",
        "reportDir": "cypress/reports",
        "overwrite": false,
        "html": false,
        "json": true
      },
      "version": "6.2.0"
    }
  }
}