{
  "stats": {
    "suites": 1,
    "tests": 4,
    "passes": 0,
    "pending": 0,
    "failures": 4,
    "start": "2022-09-15T01:11:59.865Z",
    "end": "2022-09-15T01:12:00.044Z",
    "duration": 179,
    "testsRegistered": 4,
    "passPercent": 0,
    "pendingPercent": 0,
    "other": 0,
    "hasOther": false,
    "skipped": 0,
    "hasSkipped": false
  },
  "results": [
    {
      "uuid": "a0aea848-8967-49ec-b9fc-f041cfd7e086",
      "title": "",
      "fullFile": "cypress/e2e/_requirements/10.TestCoverage.cy.js",
      "file": "cypress/e2e/_requirements/10.TestCoverage.cy.js",
      "beforeHooks": [],
      "afterHooks": [],
      "tests": [],
      "suites": [
        {
          "uuid": "940727eb-338b-4bc3-af9b-d0a241176b75",
          "title": "10 - Desenvolva testes para atingir 90% de cobertura total da aplicação",
          "fullFile": "",
          "file": "",
          "beforeHooks": [],
          "afterHooks": [],
          "tests": [
            {
              "title": "Cobertura de \"Statements\" total deverá ser maior ou igual a 90.",
              "fullTitle": "10 - Desenvolva testes para atingir 90% de cobertura total da aplicação Cobertura de \"Statements\" total deverá ser maior ou igual a 90.",
              "timedOut": null,
              "duration": 31,
              "state": "failed",
              "speed": null,
              "pass": false,
              "fail": true,
              "pending": false,
              "context": null,
              "code": "cy.task('getCoverage', (0, _getId.getId)()).its('total.statements.pct', {\n  timeout: 0\n}).should('be.gte', 90.00);",
              "err": {
                "message": "AssertionError: Timed out retrying after 0ms: expected 62.11 to be at least 90",
                "estack": "AssertionError: Timed out retrying after 0ms: expected 62.11 to be at least 90\n    at Context.eval (http://localhost:44251/__cypress/tests?p=cypress/e2e/_requirements/10.TestCoverage.cy.js:105:8)",
                "diff": "- 62.11\n+ 90\n"
              },
              "uuid": "76ecd437-b01e-4c81-94f0-d4721ea63642",
              "parentUUID": "940727eb-338b-4bc3-af9b-d0a241176b75",
              "isHook": false,
              "skipped": false
            },
            {
              "title": "Cobertura de \"Functions\" total deverá ser maior ou igual a 90.",
              "fullTitle": "10 - Desenvolva testes para atingir 90% de cobertura total da aplicação Cobertura de \"Functions\" total deverá ser maior ou igual a 90.",
              "timedOut": null,
              "duration": 13,
              "state": "failed",
              "speed": null,
              "pass": false,
              "fail": true,
              "pending": false,
              "context": null,
              "code": "cy.task('getCoverage', (0, _getId.getId)()).its('total.functions.pct', {\n  timeout: 0\n}).should('be.gte', 90.00);",
              "err": {
                "message": "AssertionError: Timed out retrying after 0ms: expected 54.9 to be at least 90",
                "estack": "AssertionError: Timed out retrying after 0ms: expected 54.9 to be at least 90\n    at Context.eval (http://localhost:44251/__cypress/tests?p=cypress/e2e/_requirements/10.TestCoverage.cy.js:110:8)",
                "diff": "- 54.9\n+ 90\n"
              },
              "uuid": "05eea41b-a535-40c2-9e1a-7bd69608850e",
              "parentUUID": "940727eb-338b-4bc3-af9b-d0a241176b75",
              "isHook": false,
              "skipped": false
            },
            {
              "title": "Cobertura de \"Branches\" total deverá ser maior ou igual a 90.",
              "fullTitle": "10 - Desenvolva testes para atingir 90% de cobertura total da aplicação Cobertura de \"Branches\" total deverá ser maior ou igual a 90.",
              "timedOut": null,
              "duration": 14,
              "state": "failed",
              "speed": null,
              "pass": false,
              "fail": true,
              "pending": false,
              "context": null,
              "code": "cy.task('getCoverage', (0, _getId.getId)()).its('total.branches.pct', {\n  timeout: 0\n}).should('be.gte', 90.00);",
              "err": {
                "message": "AssertionError: Timed out retrying after 0ms: expected 55 to be at least 90",
                "estack": "AssertionError: Timed out retrying after 0ms: expected 55 to be at least 90\n    at Context.eval (http://localhost:44251/__cypress/tests?p=cypress/e2e/_requirements/10.TestCoverage.cy.js:115:8)",
                "diff": "- 55\n+ 90\n"
              },
              "uuid": "dac52e6d-477f-4921-83eb-a0b8017bf127",
              "parentUUID": "940727eb-338b-4bc3-af9b-d0a241176b75",
              "isHook": false,
              "skipped": false
            },
            {
              "title": "Cobertura de \"Lines\" total deverá ser maior ou igual a 90.",
              "fullTitle": "10 - Desenvolva testes para atingir 90% de cobertura total da aplicação Cobertura de \"Lines\" total deverá ser maior ou igual a 90.",
              "timedOut": null,
              "duration": 15,
              "state": "failed",
              "speed": null,
              "pass": false,
              "fail": true,
              "pending": false,
              "context": null,
              "code": "cy.task('getCoverage', (0, _getId.getId)()).its('total.lines.pct', {\n  timeout: 0\n}).should('be.gte', 90.00);",
              "err": {
                "message": "AssertionError: Timed out retrying after 0ms: expected 64.13 to be at least 90",
                "estack": "AssertionError: Timed out retrying after 0ms: expected 64.13 to be at least 90\n    at Context.eval (http://localhost:44251/__cypress/tests?p=cypress/e2e/_requirements/10.TestCoverage.cy.js:120:8)",
                "diff": "- 64.13\n+ 90\n"
              },
              "uuid": "3ccc43d5-21d4-4c43-aaf9-a882c7196d9e",
              "parentUUID": "940727eb-338b-4bc3-af9b-d0a241176b75",
              "isHook": false,
              "skipped": false
            }
          ],
          "suites": [],
          "passes": [],
          "failures": [
            "76ecd437-b01e-4c81-94f0-d4721ea63642",
            "05eea41b-a535-40c2-9e1a-7bd69608850e",
            "dac52e6d-477f-4921-83eb-a0b8017bf127",
            "3ccc43d5-21d4-4c43-aaf9-a882c7196d9e"
          ],
          "pending": [],
          "skipped": [],
          "duration": 73,
          "root": false,
          "rootEmpty": false,
          "_timeout": 2000
        }
      ],
      "passes": [],
      "failures": [],
      "pending": [],
      "skipped": [],
      "duration": 0,
      "root": true,
      "rootEmpty": true,
      "_timeout": 2000
    }
  ],
  "meta": {
    "mocha": {
      "version": "7.0.1"
    },
    "mochawesome": {
      "options": {
        "quiet": false,
        "reportFilename": "mochawesome",
        "saveHtml": false,
        "saveJson": true,
        "consoleReporter": "spec",
        "useInlineDiffs": false,
        "code": true
      },
      "version": "7.1.3"
    },
    "marge": {
      "options": {
        "id": "default",
        "reportDir": "cypress/reports",
        "overwrite": false,
        "html": false,
        "json": true
      },
      "version": "6.2.0"
    }
  }
}