{
  "stats": {
    "suites": 1,
    "tests": 4,
    "passes": 4,
    "pending": 0,
    "failures": 0,
    "start": "2022-09-05T20:09:17.683Z",
    "end": "2022-09-05T20:09:17.783Z",
    "duration": 100,
    "testsRegistered": 4,
    "passPercent": 100,
    "pendingPercent": 0,
    "other": 0,
    "hasOther": false,
    "skipped": 0,
    "hasSkipped": false
  },
  "results": [
    {
      "uuid": "ef58b6f3-a698-470b-8ba4-d502d91d69a5",
      "title": "",
      "fullFile": "cypress/e2e/_requirements/05.TestCoverage.cy.js",
      "file": "cypress/e2e/_requirements/05.TestCoverage.cy.js",
      "beforeHooks": [],
      "afterHooks": [],
      "tests": [],
      "suites": [
        {
          "uuid": "3f684c38-bfa1-4795-b3cd-a7029f7d5887",
          "title": "5 - Desenvolva testes para atingir 60% de cobertura total da aplicação",
          "fullFile": "",
          "file": "",
          "beforeHooks": [],
          "afterHooks": [],
          "tests": [
            {
              "title": "Cobertura de \"Statements\" total deverá ser maior ou igual a 60.",
              "fullTitle": "5 - Desenvolva testes para atingir 60% de cobertura total da aplicação Cobertura de \"Statements\" total deverá ser maior ou igual a 60.",
              "timedOut": null,
              "duration": 28,
              "state": "passed",
              "speed": "fast",
              "pass": true,
              "fail": false,
              "pending": false,
              "context": null,
              "code": "cy.task('getCoverage', (0, _getId.getId)()).its('total.statements.pct', {\n  timeout: 0\n}).should('be.gte', 60.00);",
              "err": {},
              "uuid": "82800a91-3161-4f16-b122-f37773b7f18c",
              "parentUUID": "3f684c38-bfa1-4795-b3cd-a7029f7d5887",
              "isHook": false,
              "skipped": false
            },
            {
              "title": "Cobertura de \"Functions\" total deverá ser maior ou igual a 60.",
              "fullTitle": "5 - Desenvolva testes para atingir 60% de cobertura total da aplicação Cobertura de \"Functions\" total deverá ser maior ou igual a 60.",
              "timedOut": null,
              "duration": 21,
              "state": "passed",
              "speed": "fast",
              "pass": true,
              "fail": false,
              "pending": false,
              "context": null,
              "code": "cy.task('getCoverage', (0, _getId.getId)()).its('total.functions.pct', {\n  timeout: 0\n}).should('be.gte', 60.00);",
              "err": {},
              "uuid": "f073ce6f-825a-45c1-a8fe-173cc973de06",
              "parentUUID": "3f684c38-bfa1-4795-b3cd-a7029f7d5887",
              "isHook": false,
              "skipped": false
            },
            {
              "title": "Cobertura de \"Branches\" total deverá ser maior ou igual a 60.",
              "fullTitle": "5 - Desenvolva testes para atingir 60% de cobertura total da aplicação Cobertura de \"Branches\" total deverá ser maior ou igual a 60.",
              "timedOut": null,
              "duration": 15,
              "state": "passed",
              "speed": "fast",
              "pass": true,
              "fail": false,
              "pending": false,
              "context": null,
              "code": "cy.task('getCoverage', (0, _getId.getId)()).its('total.branches.pct', {\n  timeout: 0\n}).should('be.gte', 60.00);",
              "err": {},
              "uuid": "db87e709-224f-458a-8761-5393f6c8b991",
              "parentUUID": "3f684c38-bfa1-4795-b3cd-a7029f7d5887",
              "isHook": false,
              "skipped": false
            },
            {
              "title": "Cobertura de \"Lines\" total deverá ser maior ou igual a 60.",
              "fullTitle": "5 - Desenvolva testes para atingir 60% de cobertura total da aplicação Cobertura de \"Lines\" total deverá ser maior ou igual a 60.",
              "timedOut": null,
              "duration": 12,
              "state": "passed",
              "speed": "fast",
              "pass": true,
              "fail": false,
              "pending": false,
              "context": null,
              "code": "cy.task('getCoverage', (0, _getId.getId)()).its('total.lines.pct', {\n  timeout: 0\n}).should('be.gte', 60.00);",
              "err": {},
              "uuid": "1601e099-8cca-4a70-bd69-84d0c09328aa",
              "parentUUID": "3f684c38-bfa1-4795-b3cd-a7029f7d5887",
              "isHook": false,
              "skipped": false
            }
          ],
          "suites": [],
          "passes": [
            "82800a91-3161-4f16-b122-f37773b7f18c",
            "f073ce6f-825a-45c1-a8fe-173cc973de06",
            "db87e709-224f-458a-8761-5393f6c8b991",
            "1601e099-8cca-4a70-bd69-84d0c09328aa"
          ],
          "failures": [],
          "pending": [],
          "skipped": [],
          "duration": 76,
          "root": false,
          "rootEmpty": false,
          "_timeout": 2000
        }
      ],
      "passes": [],
      "failures": [],
      "pending": [],
      "skipped": [],
      "duration": 0,
      "root": true,
      "rootEmpty": true,
      "_timeout": 2000
    }
  ],
  "meta": {
    "mocha": {
      "version": "7.0.1"
    },
    "mochawesome": {
      "options": {
        "quiet": false,
        "reportFilename": "mochawesome",
        "saveHtml": false,
        "saveJson": true,
        "consoleReporter": "spec",
        "useInlineDiffs": false,
        "code": true
      },
      "version": "7.1.3"
    },
    "marge": {
      "options": {
        "id": "default",
        "reportDir": "cypress/reports",
        "overwrite": false,
        "html": false,
        "json": true
      },
      "version": "6.2.0"
    }
  }
}