{
  "stats": {
    "suites": 1,
    "tests": 4,
    "passes": 0,
    "pending": 0,
    "failures": 4,
    "start": "2022-09-05T23:45:06.183Z",
    "end": "2022-09-05T23:45:06.365Z",
    "duration": 182,
    "testsRegistered": 4,
    "passPercent": 0,
    "pendingPercent": 0,
    "other": 0,
    "hasOther": false,
    "skipped": 0,
    "hasSkipped": false
  },
  "results": [
    {
      "uuid": "b493ed39-8c09-46dd-ab0b-bd50c6fab0a4",
      "title": "",
      "fullFile": "cypress/e2e/_requirements/10.TestCoverage.cy.js",
      "file": "cypress/e2e/_requirements/10.TestCoverage.cy.js",
      "beforeHooks": [],
      "afterHooks": [],
      "tests": [],
      "suites": [
        {
          "uuid": "19759329-10ee-4511-9898-4803a90ed26f",
          "title": "10 - Desenvolva testes para atingir 90% de cobertura total da aplicação",
          "fullFile": "",
          "file": "",
          "beforeHooks": [],
          "afterHooks": [],
          "tests": [
            {
              "title": "Cobertura de \"Statements\" total deverá ser maior ou igual a 90.",
              "fullTitle": "10 - Desenvolva testes para atingir 90% de cobertura total da aplicação Cobertura de \"Statements\" total deverá ser maior ou igual a 90.",
              "timedOut": null,
              "duration": 33,
              "state": "failed",
              "speed": null,
              "pass": false,
              "fail": true,
              "pending": false,
              "context": null,
              "code": "cy.task('getCoverage', (0, _getId.getId)()).its('total.statements.pct', {\n  timeout: 0\n}).should('be.gte', 90.00);",
              "err": {
                "message": "AssertionError: Timed out retrying after 0ms: expected 77.19 to be at least 90",
                "estack": "AssertionError: Timed out retrying after 0ms: expected 77.19 to be at least 90\n    at Context.eval (http://localhost:35185/__cypress/tests?p=cypress/e2e/_requirements/10.TestCoverage.cy.js:105:8)",
                "diff": "- 77.19\n+ 90\n"
              },
              "uuid": "56e0d791-4e95-4fdd-8840-17ad44e129c1",
              "parentUUID": "19759329-10ee-4511-9898-4803a90ed26f",
              "isHook": false,
              "skipped": false
            },
            {
              "title": "Cobertura de \"Functions\" total deverá ser maior ou igual a 90.",
              "fullTitle": "10 - Desenvolva testes para atingir 90% de cobertura total da aplicação Cobertura de \"Functions\" total deverá ser maior ou igual a 90.",
              "timedOut": null,
              "duration": 14,
              "state": "failed",
              "speed": null,
              "pass": false,
              "fail": true,
              "pending": false,
              "context": null,
              "code": "cy.task('getCoverage', (0, _getId.getId)()).its('total.functions.pct', {\n  timeout: 0\n}).should('be.gte', 90.00);",
              "err": {
                "message": "AssertionError: Timed out retrying after 0ms: expected 72.97 to be at least 90",
                "estack": "AssertionError: Timed out retrying after 0ms: expected 72.97 to be at least 90\n    at Context.eval (http://localhost:35185/__cypress/tests?p=cypress/e2e/_requirements/10.TestCoverage.cy.js:110:8)",
                "diff": "- 72.97\n+ 90\n"
              },
              "uuid": "3d6e01f0-6304-4caf-82dc-bc09d621dc02",
              "parentUUID": "19759329-10ee-4511-9898-4803a90ed26f",
              "isHook": false,
              "skipped": false
            },
            {
              "title": "Cobertura de \"Branches\" total deverá ser maior ou igual a 90.",
              "fullTitle": "10 - Desenvolva testes para atingir 90% de cobertura total da aplicação Cobertura de \"Branches\" total deverá ser maior ou igual a 90.",
              "timedOut": null,
              "duration": 14,
              "state": "failed",
              "speed": null,
              "pass": false,
              "fail": true,
              "pending": false,
              "context": null,
              "code": "cy.task('getCoverage', (0, _getId.getId)()).its('total.branches.pct', {\n  timeout: 0\n}).should('be.gte', 90.00);",
              "err": {
                "message": "AssertionError: Timed out retrying after 0ms: expected 71.42 to be at least 90",
                "estack": "AssertionError: Timed out retrying after 0ms: expected 71.42 to be at least 90\n    at Context.eval (http://localhost:35185/__cypress/tests?p=cypress/e2e/_requirements/10.TestCoverage.cy.js:115:8)",
                "diff": "- 71.42\n+ 90\n"
              },
              "uuid": "b9fb00fd-0b49-4435-bd55-78b0dd1dc47d",
              "parentUUID": "19759329-10ee-4511-9898-4803a90ed26f",
              "isHook": false,
              "skipped": false
            },
            {
              "title": "Cobertura de \"Lines\" total deverá ser maior ou igual a 90.",
              "fullTitle": "10 - Desenvolva testes para atingir 90% de cobertura total da aplicação Cobertura de \"Lines\" total deverá ser maior ou igual a 90.",
              "timedOut": null,
              "duration": 15,
              "state": "failed",
              "speed": null,
              "pass": false,
              "fail": true,
              "pending": false,
              "context": null,
              "code": "cy.task('getCoverage', (0, _getId.getId)()).its('total.lines.pct', {\n  timeout: 0\n}).should('be.gte', 90.00);",
              "err": {
                "message": "AssertionError: Timed out retrying after 0ms: expected 78.84 to be at least 90",
                "estack": "AssertionError: Timed out retrying after 0ms: expected 78.84 to be at least 90\n    at Context.eval (http://localhost:35185/__cypress/tests?p=cypress/e2e/_requirements/10.TestCoverage.cy.js:120:8)",
                "diff": "- 78.84\n+ 90\n"
              },
              "uuid": "821c06dd-810b-47a9-8399-81f0837351a7",
              "parentUUID": "19759329-10ee-4511-9898-4803a90ed26f",
              "isHook": false,
              "skipped": false
            }
          ],
          "suites": [],
          "passes": [],
          "failures": [
            "56e0d791-4e95-4fdd-8840-17ad44e129c1",
            "3d6e01f0-6304-4caf-82dc-bc09d621dc02",
            "b9fb00fd-0b49-4435-bd55-78b0dd1dc47d",
            "821c06dd-810b-47a9-8399-81f0837351a7"
          ],
          "pending": [],
          "skipped": [],
          "duration": 76,
          "root": false,
          "rootEmpty": false,
          "_timeout": 2000
        }
      ],
      "passes": [],
      "failures": [],
      "pending": [],
      "skipped": [],
      "duration": 0,
      "root": true,
      "rootEmpty": true,
      "_timeout": 2000
    }
  ],
  "meta": {
    "mocha": {
      "version": "7.0.1"
    },
    "mochawesome": {
      "options": {
        "quiet": false,
        "reportFilename": "mochawesome",
        "saveHtml": false,
        "saveJson": true,
        "consoleReporter": "spec",
        "useInlineDiffs": false,
        "code": true
      },
      "version": "7.1.3"
    },
    "marge": {
      "options": {
        "id": "default",
        "reportDir": "cypress/reports",
        "overwrite": false,
        "html": false,
        "json": true
      },
      "version": "6.2.0"
    }
  }
}