{"total": {"lines":{"total":142,"covered":134,"skipped":0,"pct":94.36},"statements":{"total":157,"covered":148,"skipped":0,"pct":94.26},"functions":{"total":50,"covered":48,"skipped":0,"pct":96},"branches":{"total":20,"covered":18,"skipped":0,"pct":90},"branchesTrue":{"total":0,"covered":0,"skipped":0,"pct":100}}
,"/home/almir/Documentos/Projects/15.6_trybewallet/sd-023-a-project-trybewallet/src/App.js": {"lines":{"total":1,"covered":1,"skipped":0,"pct":100},"functions":{"total":1,"covered":1,"skipped":0,"pct":100},"statements":{"total":1,"covered":1,"skipped":0,"pct":100},"branches":{"total":0,"covered":0,"skipped":0,"pct":100}}
,"/home/almir/Documentos/Projects/15.6_trybewallet/sd-023-a-project-trybewallet/src/components/EditForm.jsx": {"lines":{"total":21,"covered":19,"skipped":0,"pct":90.47},"functions":{"total":7,"covered":6,"skipped":0,"pct":85.71},"statements":{"total":23,"covered":21,"skipped":0,"pct":91.3},"branches":{"total":0,"covered":0,"skipped":0,"pct":100}}
,"/home/almir/Documentos/Projects/15.6_trybewallet/sd-023-a-project-trybewallet/src/components/Header.jsx": {"lines":{"total":7,"covered":7,"skipped":0,"pct":100},"functions":{"total":3,"covered":3,"skipped":0,"pct":100},"statements":{"total":8,"covered":8,"skipped":0,"pct":100},"branches":{"total":0,"covered":0,"skipped":0,"pct":100}}
,"/home/almir/Documentos/Projects/15.6_trybewallet/sd-023-a-project-trybewallet/src/components/LoginBox.jsx": {"lines":{"total":19,"covered":19,"skipped":0,"pct":100},"functions":{"total":5,"covered":5,"skipped":0,"pct":100},"statements":{"total":19,"covered":19,"skipped":0,"pct":100},"branches":{"total":4,"covered":4,"skipped":0,"pct":100}}
,"/home/almir/Documentos/Projects/15.6_trybewallet/sd-023-a-project-trybewallet/src/components/Table.jsx": {"lines":{"total":13,"covered":13,"skipped":0,"pct":100},"functions":{"total":7,"covered":7,"skipped":0,"pct":100},"statements":{"total":14,"covered":14,"skipped":0,"pct":100},"branches":{"total":0,"covered":0,"skipped":0,"pct":100}}
,"/home/almir/Documentos/Projects/15.6_trybewallet/sd-023-a-project-trybewallet/src/components/WalletForm.jsx": {"lines":{"total":20,"covered":20,"skipped":0,"pct":100},"functions":{"total":6,"covered":6,"skipped":0,"pct":100},"statements":{"total":21,"covered":21,"skipped":0,"pct":100},"branches":{"total":0,"covered":0,"skipped":0,"pct":100}}
,"/home/almir/Documentos/Projects/15.6_trybewallet/sd-023-a-project-trybewallet/src/helpers/currenciesAPI.js": {"lines":{"total":4,"covered":4,"skipped":0,"pct":100},"functions":{"total":1,"covered":1,"skipped":0,"pct":100},"statements":{"total":4,"covered":4,"skipped":0,"pct":100},"branches":{"total":0,"covered":0,"skipped":0,"pct":100}}
,"/home/almir/Documentos/Projects/15.6_trybewallet/sd-023-a-project-trybewallet/src/pages/Login.jsx": {"lines":{"total":1,"covered":1,"skipped":0,"pct":100},"functions":{"total":1,"covered":1,"skipped":0,"pct":100},"statements":{"total":1,"covered":1,"skipped":0,"pct":100},"branches":{"total":0,"covered":0,"skipped":0,"pct":100}}
,"/home/almir/Documentos/Projects/15.6_trybewallet/sd-023-a-project-trybewallet/src/pages/Wallet.jsx": {"lines":{"total":4,"covered":4,"skipped":0,"pct":100},"functions":{"total":2,"covered":2,"skipped":0,"pct":100},"statements":{"total":5,"covered":5,"skipped":0,"pct":100},"branches":{"total":2,"covered":2,"skipped":0,"pct":100}}
,"/home/almir/Documentos/Projects/15.6_trybewallet/sd-023-a-project-trybewallet/src/redux/actions/index.js": {"lines":{"total":33,"covered":29,"skipped":0,"pct":87.87},"functions":{"total":13,"covered":12,"skipped":0,"pct":92.3},"statements":{"total":42,"covered":37,"skipped":0,"pct":88.09},"branches":{"total":0,"covered":0,"skipped":0,"pct":100}}
,"/home/almir/Documentos/Projects/15.6_trybewallet/sd-023-a-project-trybewallet/src/redux/reducers/index.js": {"lines":{"total":1,"covered":1,"skipped":0,"pct":100},"functions":{"total":0,"covered":0,"skipped":0,"pct":100},"statements":{"total":1,"covered":1,"skipped":0,"pct":100},"branches":{"total":0,"covered":0,"skipped":0,"pct":100}}
,"/home/almir/Documentos/Projects/15.6_trybewallet/sd-023-a-project-trybewallet/src/redux/reducers/user.js": {"lines":{"total":4,"covered":4,"skipped":0,"pct":100},"functions":{"total":1,"covered":1,"skipped":0,"pct":100},"statements":{"total":4,"covered":4,"skipped":0,"pct":100},"branches":{"total":3,"covered":3,"skipped":0,"pct":100}}
,"/home/almir/Documentos/Projects/15.6_trybewallet/sd-023-a-project-trybewallet/src/redux/reducers/wallet.js": {"lines":{"total":14,"covered":12,"skipped":0,"pct":85.71},"functions":{"total":3,"covered":3,"skipped":0,"pct":100},"statements":{"total":14,"covered":12,"skipped":0,"pct":85.71},"branches":{"total":11,"covered":9,"skipped":0,"pct":81.81}}
}
