{"/home/almir/Documentos/Projects/15.6_trybewallet/sd-023-a-project-trybewallet/src/App.js": {"path":"/home/almir/Documentos/Projects/15.6_trybewallet/sd-023-a-project-trybewallet/src/App.js","statementMap":{"0":{"start":{"line":8,"column":4},"end":{"line":13,"column":6}}},"fnMap":{"0":{"name":"(anonymous_0)","decl":{"start":{"line":7,"column":2},"end":{"line":7,"column":3}},"loc":{"start":{"line":7,"column":11},"end":{"line":14,"column":3}},"line":7}},"branchMap":{},"s":{"0":2},"f":{"0":2},"b":{},"_coverageSchema":"1a1c01bbd47fc00a2c39e90264f33305004495a9","hash":"f25212d79afde059200f971ebf33372a4d98938b"}
,"/home/almir/Documentos/Projects/15.6_trybewallet/sd-023-a-project-trybewallet/src/components/EditForm.jsx": {"path":"/home/almir/Documentos/Projects/15.6_trybewallet/sd-023-a-project-trybewallet/src/components/EditForm.jsx","statementMap":{"0":{"start":{"line":9,"column":4},"end":{"line":9,"column":12}},"1":{"start":{"line":11,"column":4},"end":{"line":17,"column":6}},"2":{"start":{"line":21,"column":33},"end":{"line":21,"column":43}},"3":{"start":{"line":22,"column":4},"end":{"line":22,"column":32}},"4":{"start":{"line":23,"column":58},"end":{"line":23,"column":64}},"5":{"start":{"line":24,"column":4},"end":{"line":30,"column":7}},"6":{"start":{"line":33,"column":17},"end":{"line":36,"column":3}},"7":{"start":{"line":34,"column":28},"end":{"line":34,"column":34}},"8":{"start":{"line":35,"column":4},"end":{"line":35,"column":37}},"9":{"start":{"line":38,"column":17},"end":{"line":54,"column":3}},"10":{"start":{"line":39,"column":4},"end":{"line":39,"column":27}},"11":{"start":{"line":40,"column":43},"end":{"line":40,"column":53}},"12":{"start":{"line":41,"column":58},"end":{"line":41,"column":68}},"13":{"start":{"line":42,"column":26},"end":{"line":42,"column":75}},"14":{"start":{"line":42,"column":53},"end":{"line":42,"column":74}},"15":{"start":{"line":43,"column":26},"end":{"line":52,"column":5}},"16":{"start":{"line":53,"column":4},"end":{"line":53,"column":43}},"17":{"start":{"line":57,"column":27},"end":{"line":57,"column":37}},"18":{"start":{"line":58,"column":58},"end":{"line":58,"column":68}},"19":{"start":{"line":59,"column":4},"end":{"line":154,"column":6}},"20":{"start":{"line":158,"column":24},"end":{"line":162,"column":2}},"21":{"start":{"line":158,"column":36},"end":{"line":162,"column":1}},"22":{"start":{"line":164,"column":0},"end":{"line":185,"column":2}}},"fnMap":{"0":{"name":"(anonymous_0)","decl":{"start":{"line":8,"column":2},"end":{"line":8,"column":3}},"loc":{"start":{"line":8,"column":16},"end":{"line":18,"column":3}},"line":8},"1":{"name":"(anonymous_1)","decl":{"start":{"line":20,"column":2},"end":{"line":20,"column":3}},"loc":{"start":{"line":20,"column":22},"end":{"line":31,"column":3}},"line":20},"2":{"name":"(anonymous_2)","decl":{"start":{"line":33,"column":17},"end":{"line":33,"column":18}},"loc":{"start":{"line":33,"column":33},"end":{"line":36,"column":3}},"line":33},"3":{"name":"(anonymous_3)","decl":{"start":{"line":38,"column":17},"end":{"line":38,"column":18}},"loc":{"start":{"line":38,"column":28},"end":{"line":54,"column":3}},"line":38},"4":{"name":"(anonymous_4)","decl":{"start":{"line":42,"column":40},"end":{"line":42,"column":41}},"loc":{"start":{"line":42,"column":53},"end":{"line":42,"column":74}},"line":42},"5":{"name":"(anonymous_5)","decl":{"start":{"line":56,"column":2},"end":{"line":56,"column":3}},"loc":{"start":{"line":56,"column":11},"end":{"line":155,"column":3}},"line":56},"6":{"name":"(anonymous_6)","decl":{"start":{"line":158,"column":24},"end":{"line":158,"column":25}},"loc":{"start":{"line":158,"column":36},"end":{"line":162,"column":1}},"line":158}},"branchMap":{},"s":{"0":1,"1":1,"2":1,"3":1,"4":1,"5":1,"6":1,"7":0,"8":0,"9":1,"10":1,"11":1,"12":1,"13":1,"14":1,"15":1,"16":1,"17":2,"18":2,"19":2,"20":1,"21":2,"22":1},"f":{"0":1,"1":1,"2":0,"3":1,"4":1,"5":2,"6":2},"b":{},"_coverageSchema":"1a1c01bbd47fc00a2c39e90264f33305004495a9","hash":"6abb4068724022cb4a55c8d26fb83cc214f23ea1"}
,"/home/almir/Documentos/Projects/15.6_trybewallet/sd-023-a-project-trybewallet/src/components/Header.jsx": {"path":"/home/almir/Documentos/Projects/15.6_trybewallet/sd-023-a-project-trybewallet/src/components/Header.jsx","statementMap":{"0":{"start":{"line":10,"column":32},"end":{"line":10,"column":42}},"1":{"start":{"line":11,"column":18},"end":{"line":17,"column":5}},"2":{"start":{"line":13,"column":27},"end":{"line":13,"column":68}},"3":{"start":{"line":14,"column":8},"end":{"line":14,"column":26}},"4":{"start":{"line":18,"column":4},"end":{"line":48,"column":6}},"5":{"start":{"line":52,"column":24},"end":{"line":55,"column":2}},"6":{"start":{"line":52,"column":36},"end":{"line":55,"column":1}},"7":{"start":{"line":57,"column":0},"end":{"line":68,"column":2}}},"fnMap":{"0":{"name":"(anonymous_0)","decl":{"start":{"line":9,"column":2},"end":{"line":9,"column":3}},"loc":{"start":{"line":9,"column":11},"end":{"line":49,"column":3}},"line":9},"1":{"name":"(anonymous_1)","decl":{"start":{"line":12,"column":6},"end":{"line":12,"column":7}},"loc":{"start":{"line":12,"column":51},"end":{"line":15,"column":7}},"line":12},"2":{"name":"(anonymous_2)","decl":{"start":{"line":52,"column":24},"end":{"line":52,"column":25}},"loc":{"start":{"line":52,"column":36},"end":{"line":55,"column":1}},"line":52}},"branchMap":{},"s":{"0":4,"1":4,"2":3,"3":3,"4":4,"5":1,"6":10,"7":1},"f":{"0":4,"1":3,"2":10},"b":{},"_coverageSchema":"1a1c01bbd47fc00a2c39e90264f33305004495a9","hash":"e017af828d9645ceb69a0350e8bdd7e27e4cd313"}
,"/home/almir/Documentos/Projects/15.6_trybewallet/sd-023-a-project-trybewallet/src/components/LoginBox.jsx": {"path":"/home/almir/Documentos/Projects/15.6_trybewallet/sd-023-a-project-trybewallet/src/components/LoginBox.jsx","statementMap":{"0":{"start":{"line":10,"column":4},"end":{"line":10,"column":12}},"1":{"start":{"line":12,"column":4},"end":{"line":17,"column":6}},"2":{"start":{"line":20,"column":17},"end":{"line":30,"column":3}},"3":{"start":{"line":21,"column":28},"end":{"line":21,"column":34}},"4":{"start":{"line":22,"column":4},"end":{"line":29,"column":7}},"5":{"start":{"line":23,"column":34},"end":{"line":23,"column":44}},"6":{"start":{"line":24,"column":24},"end":{"line":24,"column":25}},"7":{"start":{"line":25,"column":25},"end":{"line":25,"column":82}},"8":{"start":{"line":26,"column":6},"end":{"line":28,"column":9}},"9":{"start":{"line":32,"column":17},"end":{"line":39,"column":3}},"10":{"start":{"line":33,"column":4},"end":{"line":33,"column":27}},"11":{"start":{"line":34,"column":25},"end":{"line":34,"column":35}},"12":{"start":{"line":35,"column":4},"end":{"line":35,"column":32}},"13":{"start":{"line":36,"column":4},"end":{"line":38,"column":7}},"14":{"start":{"line":42,"column":60},"end":{"line":42,"column":70}},"15":{"start":{"line":43,"column":4},"end":{"line":47,"column":5}},"16":{"start":{"line":44,"column":6},"end":{"line":46,"column":8}},"17":{"start":{"line":48,"column":4},"end":{"line":80,"column":6}},"18":{"start":{"line":84,"column":0},"end":{"line":86,"column":2}}},"fnMap":{"0":{"name":"(anonymous_0)","decl":{"start":{"line":9,"column":2},"end":{"line":9,"column":3}},"loc":{"start":{"line":9,"column":16},"end":{"line":18,"column":3}},"line":9},"1":{"name":"(anonymous_1)","decl":{"start":{"line":20,"column":17},"end":{"line":20,"column":18}},"loc":{"start":{"line":20,"column":33},"end":{"line":30,"column":3}},"line":20},"2":{"name":"(anonymous_2)","decl":{"start":{"line":22,"column":37},"end":{"line":22,"column":38}},"loc":{"start":{"line":22,"column":43},"end":{"line":29,"column":5}},"line":22},"3":{"name":"(anonymous_3)","decl":{"start":{"line":32,"column":17},"end":{"line":32,"column":18}},"loc":{"start":{"line":32,"column":28},"end":{"line":39,"column":3}},"line":32},"4":{"name":"(anonymous_4)","decl":{"start":{"line":41,"column":2},"end":{"line":41,"column":3}},"loc":{"start":{"line":41,"column":11},"end":{"line":81,"column":3}},"line":41}},"branchMap":{"0":{"loc":{"start":{"line":25,"column":27},"end":{"line":25,"column":81}},"type":"binary-expr","locations":[{"start":{"line":25,"column":27},"end":{"line":25,"column":55}},{"start":{"line":25,"column":59},"end":{"line":25,"column":81}}],"line":25},"1":{"loc":{"start":{"line":43,"column":4},"end":{"line":47,"column":5}},"type":"if","locations":[{"start":{"line":43,"column":4},"end":{"line":47,"column":5}},{"start":{},"end":{}}],"line":43}},"s":{"0":1,"1":1,"2":1,"3":24,"4":24,"5":24,"6":24,"7":24,"8":24,"9":1,"10":1,"11":1,"12":1,"13":1,"14":50,"15":50,"16":1,"17":49,"18":1},"f":{"0":1,"1":24,"2":24,"3":1,"4":50},"b":{"0":[24,4],"1":[1,49]},"_coverageSchema":"1a1c01bbd47fc00a2c39e90264f33305004495a9","hash":"fd0df25f3468949b8de92265fa8cbbffdfb314ec"}
,"/home/almir/Documentos/Projects/15.6_trybewallet/sd-023-a-project-trybewallet/src/components/Table.jsx": {"path":"/home/almir/Documentos/Projects/15.6_trybewallet/sd-023-a-project-trybewallet/src/components/Table.jsx","statementMap":{"0":{"start":{"line":8,"column":17},"end":{"line":11,"column":3}},"1":{"start":{"line":9,"column":25},"end":{"line":9,"column":35}},"2":{"start":{"line":10,"column":4},"end":{"line":10,"column":39}},"3":{"start":{"line":13,"column":15},"end":{"line":16,"column":3}},"4":{"start":{"line":14,"column":25},"end":{"line":14,"column":35}},"5":{"start":{"line":15,"column":4},"end":{"line":15,"column":33}},"6":{"start":{"line":19,"column":25},"end":{"line":19,"column":35}},"7":{"start":{"line":20,"column":4},"end":{"line":86,"column":6}},"8":{"start":{"line":38,"column":14},"end":{"line":81,"column":19}},"9":{"start":{"line":65,"column":22},"end":{"line":65,"column":47}},"10":{"start":{"line":75,"column":22},"end":{"line":75,"column":49}},"11":{"start":{"line":90,"column":24},"end":{"line":92,"column":2}},"12":{"start":{"line":90,"column":36},"end":{"line":92,"column":1}},"13":{"start":{"line":94,"column":0},"end":{"line":105,"column":2}}},"fnMap":{"0":{"name":"(anonymous_0)","decl":{"start":{"line":8,"column":17},"end":{"line":8,"column":18}},"loc":{"start":{"line":8,"column":28},"end":{"line":11,"column":3}},"line":8},"1":{"name":"(anonymous_1)","decl":{"start":{"line":13,"column":15},"end":{"line":13,"column":16}},"loc":{"start":{"line":13,"column":26},"end":{"line":16,"column":3}},"line":13},"2":{"name":"(anonymous_2)","decl":{"start":{"line":18,"column":2},"end":{"line":18,"column":3}},"loc":{"start":{"line":18,"column":11},"end":{"line":87,"column":3}},"line":18},"3":{"name":"(anonymous_3)","decl":{"start":{"line":37,"column":26},"end":{"line":37,"column":27}},"loc":{"start":{"line":38,"column":14},"end":{"line":81,"column":19}},"line":38},"4":{"name":"(anonymous_4)","decl":{"start":{"line":64,"column":30},"end":{"line":64,"column":31}},"loc":{"start":{"line":64,"column":36},"end":{"line":66,"column":21}},"line":64},"5":{"name":"(anonymous_5)","decl":{"start":{"line":74,"column":30},"end":{"line":74,"column":31}},"loc":{"start":{"line":74,"column":36},"end":{"line":76,"column":21}},"line":74},"6":{"name":"(anonymous_6)","decl":{"start":{"line":90,"column":24},"end":{"line":90,"column":25}},"loc":{"start":{"line":90,"column":36},"end":{"line":92,"column":1}},"line":90}},"branchMap":{},"s":{"0":1,"1":1,"2":1,"3":1,"4":1,"5":1,"6":4,"7":4,"8":3,"9":1,"10":1,"11":1,"12":10,"13":1},"f":{"0":1,"1":1,"2":4,"3":3,"4":1,"5":1,"6":10},"b":{},"_coverageSchema":"1a1c01bbd47fc00a2c39e90264f33305004495a9","hash":"889b6fd6188446e76deae0f6d830b5c6d9aa2d60"}
,"/home/almir/Documentos/Projects/15.6_trybewallet/sd-023-a-project-trybewallet/src/components/WalletForm.jsx": {"path":"/home/almir/Documentos/Projects/15.6_trybewallet/sd-023-a-project-trybewallet/src/components/WalletForm.jsx","statementMap":{"0":{"start":{"line":9,"column":4},"end":{"line":9,"column":12}},"1":{"start":{"line":11,"column":4},"end":{"line":18,"column":6}},"2":{"start":{"line":22,"column":25},"end":{"line":22,"column":35}},"3":{"start":{"line":23,"column":4},"end":{"line":23,"column":32}},"4":{"start":{"line":26,"column":17},"end":{"line":29,"column":3}},"5":{"start":{"line":27,"column":28},"end":{"line":27,"column":34}},"6":{"start":{"line":28,"column":4},"end":{"line":28,"column":37}},"7":{"start":{"line":31,"column":17},"end":{"line":47,"column":3}},"8":{"start":{"line":32,"column":4},"end":{"line":32,"column":27}},"9":{"start":{"line":33,"column":25},"end":{"line":33,"column":35}},"10":{"start":{"line":34,"column":19},"end":{"line":34,"column":29}},"11":{"start":{"line":35,"column":18},"end":{"line":35,"column":20}},"12":{"start":{"line":36,"column":4},"end":{"line":38,"column":7}},"13":{"start":{"line":39,"column":4},"end":{"line":39,"column":46}},"14":{"start":{"line":40,"column":4},"end":{"line":46,"column":7}},"15":{"start":{"line":50,"column":27},"end":{"line":50,"column":37}},"16":{"start":{"line":51,"column":58},"end":{"line":51,"column":68}},"17":{"start":{"line":52,"column":4},"end":{"line":153,"column":6}},"18":{"start":{"line":157,"column":24},"end":{"line":159,"column":2}},"19":{"start":{"line":157,"column":36},"end":{"line":159,"column":1}},"20":{"start":{"line":161,"column":0},"end":{"line":164,"column":2}}},"fnMap":{"0":{"name":"(anonymous_0)","decl":{"start":{"line":8,"column":2},"end":{"line":8,"column":3}},"loc":{"start":{"line":8,"column":16},"end":{"line":19,"column":3}},"line":8},"1":{"name":"(anonymous_1)","decl":{"start":{"line":21,"column":2},"end":{"line":21,"column":3}},"loc":{"start":{"line":21,"column":22},"end":{"line":24,"column":3}},"line":21},"2":{"name":"(anonymous_2)","decl":{"start":{"line":26,"column":17},"end":{"line":26,"column":18}},"loc":{"start":{"line":26,"column":33},"end":{"line":29,"column":3}},"line":26},"3":{"name":"(anonymous_3)","decl":{"start":{"line":31,"column":17},"end":{"line":31,"column":18}},"loc":{"start":{"line":31,"column":28},"end":{"line":47,"column":3}},"line":31},"4":{"name":"(anonymous_4)","decl":{"start":{"line":49,"column":2},"end":{"line":49,"column":3}},"loc":{"start":{"line":49,"column":11},"end":{"line":154,"column":3}},"line":49},"5":{"name":"(anonymous_5)","decl":{"start":{"line":157,"column":24},"end":{"line":157,"column":25}},"loc":{"start":{"line":157,"column":36},"end":{"line":159,"column":1}},"line":157}},"branchMap":{},"s":{"0":2,"1":2,"2":2,"3":2,"4":2,"5":2,"6":2,"7":2,"8":1,"9":1,"10":1,"11":1,"12":1,"13":1,"14":1,"15":8,"16":8,"17":8,"18":1,"19":10,"20":1},"f":{"0":2,"1":2,"2":2,"3":1,"4":8,"5":10},"b":{},"_coverageSchema":"1a1c01bbd47fc00a2c39e90264f33305004495a9","hash":"8153049dfc852ae690b157067305c92c3dee6f7f"}
,"/home/almir/Documentos/Projects/15.6_trybewallet/sd-023-a-project-trybewallet/src/helpers/currenciesAPI.js": {"path":"/home/almir/Documentos/Projects/15.6_trybewallet/sd-023-a-project-trybewallet/src/helpers/currenciesAPI.js","statementMap":{"0":{"start":{"line":1,"column":29},"end":{"line":5,"column":1}},"1":{"start":{"line":2,"column":19},"end":{"line":2,"column":77}},"2":{"start":{"line":3,"column":15},"end":{"line":3,"column":36}},"3":{"start":{"line":4,"column":2},"end":{"line":4,"column":14}}},"fnMap":{"0":{"name":"(anonymous_0)","decl":{"start":{"line":1,"column":29},"end":{"line":1,"column":30}},"loc":{"start":{"line":1,"column":41},"end":{"line":5,"column":1}},"line":1}},"branchMap":{},"s":{"0":1,"1":4,"2":4,"3":4},"f":{"0":4},"b":{},"_coverageSchema":"1a1c01bbd47fc00a2c39e90264f33305004495a9","hash":"199065bdbbc22547e75bda86a7bc6d67d61d1e24"}
,"/home/almir/Documentos/Projects/15.6_trybewallet/sd-023-a-project-trybewallet/src/pages/Login.jsx": {"path":"/home/almir/Documentos/Projects/15.6_trybewallet/sd-023-a-project-trybewallet/src/pages/Login.jsx","statementMap":{"0":{"start":{"line":7,"column":4},"end":{"line":12,"column":6}}},"fnMap":{"0":{"name":"(anonymous_0)","decl":{"start":{"line":6,"column":2},"end":{"line":6,"column":3}},"loc":{"start":{"line":6,"column":11},"end":{"line":13,"column":3}},"line":6}},"branchMap":{},"s":{"0":1},"f":{"0":1},"b":{},"_coverageSchema":"1a1c01bbd47fc00a2c39e90264f33305004495a9","hash":"8694a6ca7ad6f1359ab9e4e1eaab7dd533b6403b"}
,"/home/almir/Documentos/Projects/15.6_trybewallet/sd-023-a-project-trybewallet/src/pages/Wallet.jsx": {"path":"/home/almir/Documentos/Projects/15.6_trybewallet/sd-023-a-project-trybewallet/src/pages/Wallet.jsx","statementMap":{"0":{"start":{"line":12,"column":23},"end":{"line":12,"column":33}},"1":{"start":{"line":13,"column":4},"end":{"line":20,"column":6}},"2":{"start":{"line":23,"column":24},"end":{"line":25,"column":2}},"3":{"start":{"line":23,"column":36},"end":{"line":25,"column":1}},"4":{"start":{"line":27,"column":0},"end":{"line":29,"column":2}}},"fnMap":{"0":{"name":"(anonymous_0)","decl":{"start":{"line":11,"column":2},"end":{"line":11,"column":3}},"loc":{"start":{"line":11,"column":11},"end":{"line":21,"column":3}},"line":11},"1":{"name":"(anonymous_1)","decl":{"start":{"line":23,"column":24},"end":{"line":23,"column":25}},"loc":{"start":{"line":23,"column":36},"end":{"line":25,"column":1}},"line":23}},"branchMap":{"0":{"loc":{"start":{"line":17,"column":9},"end":{"line":17,"column":47}},"type":"cond-expr","locations":[{"start":{"line":17,"column":18},"end":{"line":17,"column":30}},{"start":{"line":17,"column":33},"end":{"line":17,"column":47}}],"line":17}},"s":{"0":3,"1":3,"2":1,"3":12,"4":1},"f":{"0":3,"1":12},"b":{"0":[1,2]},"_coverageSchema":"1a1c01bbd47fc00a2c39e90264f33305004495a9","hash":"a3d5590491eb31a3032d461906fa9e261ba2cd3e"}
,"/home/almir/Documentos/Projects/15.6_trybewallet/sd-023-a-project-trybewallet/src/redux/actions/index.js": {"path":"/home/almir/Documentos/Projects/15.6_trybewallet/sd-023-a-project-trybewallet/src/redux/actions/index.js","statementMap":{"0":{"start":{"line":3,"column":30},"end":{"line":3,"column":46}},"1":{"start":{"line":4,"column":31},"end":{"line":4,"column":48}},"2":{"start":{"line":5,"column":32},"end":{"line":5,"column":50}},"3":{"start":{"line":6,"column":32},"end":{"line":6,"column":50}},"4":{"start":{"line":7,"column":40},"end":{"line":7,"column":66}},"5":{"start":{"line":8,"column":30},"end":{"line":8,"column":46}},"6":{"start":{"line":9,"column":28},"end":{"line":9,"column":42}},"7":{"start":{"line":10,"column":30},"end":{"line":10,"column":46}},"8":{"start":{"line":12,"column":24},"end":{"line":14,"column":2}},"9":{"start":{"line":12,"column":31},"end":{"line":14,"column":1}},"10":{"start":{"line":16,"column":24},"end":{"line":19,"column":2}},"11":{"start":{"line":16,"column":41},"end":{"line":19,"column":1}},"12":{"start":{"line":18,"column":54},"end":{"line":18,"column":68}},"13":{"start":{"line":21,"column":23},"end":{"line":24,"column":2}},"14":{"start":{"line":21,"column":35},"end":{"line":24,"column":1}},"15":{"start":{"line":26,"column":31},"end":{"line":29,"column":2}},"16":{"start":{"line":26,"column":50},"end":{"line":29,"column":1}},"17":{"start":{"line":31,"column":31},"end":{"line":41,"column":1}},"18":{"start":{"line":31,"column":37},"end":{"line":41,"column":1}},"19":{"start":{"line":32,"column":2},"end":{"line":32,"column":30}},"20":{"start":{"line":33,"column":2},"end":{"line":40,"column":3}},"21":{"start":{"line":34,"column":21},"end":{"line":34,"column":49}},"22":{"start":{"line":35,"column":25},"end":{"line":35,"column":50}},"23":{"start":{"line":36,"column":4},"end":{"line":36,"column":27}},"24":{"start":{"line":38,"column":26},"end":{"line":38,"column":55}},"25":{"start":{"line":39,"column":4},"end":{"line":39,"column":28}},"26":{"start":{"line":44,"column":2},"end":{"line":47,"column":4}},"27":{"start":{"line":50,"column":35},"end":{"line":63,"column":1}},"28":{"start":{"line":50,"column":46},"end":{"line":63,"column":1}},"29":{"start":{"line":51,"column":2},"end":{"line":51,"column":30}},"30":{"start":{"line":52,"column":2},"end":{"line":62,"column":3}},"31":{"start":{"line":53,"column":21},"end":{"line":53,"column":49}},"32":{"start":{"line":54,"column":25},"end":{"line":57,"column":6}},"33":{"start":{"line":58,"column":4},"end":{"line":58,"column":27}},"34":{"start":{"line":60,"column":26},"end":{"line":60,"column":55}},"35":{"start":{"line":61,"column":4},"end":{"line":61,"column":28}},"36":{"start":{"line":65,"column":33},"end":{"line":68,"column":2}},"37":{"start":{"line":65,"column":45},"end":{"line":68,"column":1}},"38":{"start":{"line":70,"column":27},"end":{"line":73,"column":2}},"39":{"start":{"line":70,"column":39},"end":{"line":73,"column":1}},"40":{"start":{"line":75,"column":29},"end":{"line":78,"column":2}},"41":{"start":{"line":75,"column":43},"end":{"line":78,"column":1}}},"fnMap":{"0":{"name":"(anonymous_0)","decl":{"start":{"line":12,"column":24},"end":{"line":12,"column":25}},"loc":{"start":{"line":12,"column":31},"end":{"line":14,"column":1}},"line":12},"1":{"name":"(anonymous_1)","decl":{"start":{"line":16,"column":24},"end":{"line":16,"column":25}},"loc":{"start":{"line":16,"column":41},"end":{"line":19,"column":1}},"line":16},"2":{"name":"(anonymous_2)","decl":{"start":{"line":18,"column":45},"end":{"line":18,"column":46}},"loc":{"start":{"line":18,"column":54},"end":{"line":18,"column":68}},"line":18},"3":{"name":"(anonymous_3)","decl":{"start":{"line":21,"column":23},"end":{"line":21,"column":24}},"loc":{"start":{"line":21,"column":35},"end":{"line":24,"column":1}},"line":21},"4":{"name":"(anonymous_4)","decl":{"start":{"line":26,"column":31},"end":{"line":26,"column":32}},"loc":{"start":{"line":26,"column":50},"end":{"line":29,"column":1}},"line":26},"5":{"name":"(anonymous_5)","decl":{"start":{"line":31,"column":31},"end":{"line":31,"column":32}},"loc":{"start":{"line":31,"column":37},"end":{"line":41,"column":1}},"line":31},"6":{"name":"(anonymous_6)","decl":{"start":{"line":31,"column":37},"end":{"line":31,"column":38}},"loc":{"start":{"line":31,"column":57},"end":{"line":41,"column":1}},"line":31},"7":{"name":"login","decl":{"start":{"line":43,"column":16},"end":{"line":43,"column":21}},"loc":{"start":{"line":43,"column":31},"end":{"line":48,"column":1}},"line":43},"8":{"name":"(anonymous_8)","decl":{"start":{"line":50,"column":35},"end":{"line":50,"column":36}},"loc":{"start":{"line":50,"column":46},"end":{"line":63,"column":1}},"line":50},"9":{"name":"(anonymous_9)","decl":{"start":{"line":50,"column":46},"end":{"line":50,"column":47}},"loc":{"start":{"line":50,"column":66},"end":{"line":63,"column":1}},"line":50},"10":{"name":"(anonymous_10)","decl":{"start":{"line":65,"column":33},"end":{"line":65,"column":34}},"loc":{"start":{"line":65,"column":45},"end":{"line":68,"column":1}},"line":65},"11":{"name":"(anonymous_11)","decl":{"start":{"line":70,"column":27},"end":{"line":70,"column":28}},"loc":{"start":{"line":70,"column":39},"end":{"line":73,"column":1}},"line":70},"12":{"name":"(anonymous_12)","decl":{"start":{"line":75,"column":29},"end":{"line":75,"column":30}},"loc":{"start":{"line":75,"column":43},"end":{"line":78,"column":1}},"line":75}},"branchMap":{},"s":{"0":1,"1":1,"2":1,"3":1,"4":1,"5":1,"6":1,"7":1,"8":1,"9":4,"10":1,"11":3,"12":48,"13":1,"14":1,"15":1,"16":0,"17":1,"18":3,"19":3,"20":3,"21":3,"22":3,"23":3,"24":0,"25":0,"26":1,"27":1,"28":1,"29":1,"30":1,"31":1,"32":1,"33":1,"34":0,"35":0,"36":1,"37":1,"38":1,"39":1,"40":1,"41":1},"f":{"0":4,"1":3,"2":48,"3":1,"4":0,"5":3,"6":3,"7":1,"8":1,"9":1,"10":1,"11":1,"12":1},"b":{},"_coverageSchema":"1a1c01bbd47fc00a2c39e90264f33305004495a9","hash":"7fadc133c520c4aac934454af7721e27cb03426e"}
,"/home/almir/Documentos/Projects/15.6_trybewallet/sd-023-a-project-trybewallet/src/redux/reducers/index.js": {"path":"/home/almir/Documentos/Projects/15.6_trybewallet/sd-023-a-project-trybewallet/src/redux/reducers/index.js","statementMap":{"0":{"start":{"line":5,"column":20},"end":{"line":5,"column":53}}},"fnMap":{},"branchMap":{},"s":{"0":1},"f":{},"b":{},"_coverageSchema":"1a1c01bbd47fc00a2c39e90264f33305004495a9","hash":"9e3b9e5408a3058e7f287360b99c738aa8f4e509"}
,"/home/almir/Documentos/Projects/15.6_trybewallet/sd-023-a-project-trybewallet/src/redux/reducers/user.js": {"path":"/home/almir/Documentos/Projects/15.6_trybewallet/sd-023-a-project-trybewallet/src/redux/reducers/user.js","statementMap":{"0":{"start":{"line":3,"column":22},"end":{"line":5,"column":1}},"1":{"start":{"line":8,"column":2},"end":{"line":11,"column":3}},"2":{"start":{"line":9,"column":23},"end":{"line":9,"column":64}},"3":{"start":{"line":10,"column":11},"end":{"line":10,"column":24}}},"fnMap":{"0":{"name":"user","decl":{"start":{"line":7,"column":9},"end":{"line":7,"column":13}},"loc":{"start":{"line":7,"column":45},"end":{"line":12,"column":1}},"line":7}},"branchMap":{"0":{"loc":{"start":{"line":7,"column":14},"end":{"line":7,"column":35}},"type":"default-arg","locations":[{"start":{"line":7,"column":22},"end":{"line":7,"column":35}}],"line":7},"1":{"loc":{"start":{"line":8,"column":2},"end":{"line":11,"column":3}},"type":"switch","locations":[{"start":{"line":9,"column":2},"end":{"line":9,"column":64}},{"start":{"line":10,"column":2},"end":{"line":10,"column":24}}],"line":8}},"s":{"0":1,"1":16,"2":1,"3":15},"f":{"0":16},"b":{"0":[3],"1":[1,15]},"_coverageSchema":"1a1c01bbd47fc00a2c39e90264f33305004495a9","hash":"e2fa54c0e05529fb7d254f57cabf2ae5d1f943c7"}
,"/home/almir/Documentos/Projects/15.6_trybewallet/sd-023-a-project-trybewallet/src/redux/reducers/wallet.js": {"path":"/home/almir/Documentos/Projects/15.6_trybewallet/sd-023-a-project-trybewallet/src/redux/reducers/wallet.js","statementMap":{"0":{"start":{"line":10,"column":22},"end":{"line":16,"column":1}},"1":{"start":{"line":19,"column":2},"end":{"line":52,"column":3}},"2":{"start":{"line":20,"column":25},"end":{"line":20,"column":64}},"3":{"start":{"line":21,"column":25},"end":{"line":21,"column":76}},"4":{"start":{"line":22,"column":24},"end":{"line":25,"column":4}},"5":{"start":{"line":26,"column":33},"end":{"line":26,"column":74}},"6":{"start":{"line":27,"column":23},"end":{"line":33,"column":4}},"7":{"start":{"line":31,"column":21},"end":{"line":31,"column":48}},"8":{"start":{"line":35,"column":4},"end":{"line":39,"column":6}},"9":{"start":{"line":41,"column":4},"end":{"line":50,"column":6}},"10":{"start":{"line":44,"column":8},"end":{"line":46,"column":9}},"11":{"start":{"line":45,"column":10},"end":{"line":45,"column":32}},"12":{"start":{"line":47,"column":8},"end":{"line":47,"column":23}},"13":{"start":{"line":51,"column":11},"end":{"line":51,"column":24}}},"fnMap":{"0":{"name":"wallet","decl":{"start":{"line":18,"column":9},"end":{"line":18,"column":15}},"loc":{"start":{"line":18,"column":47},"end":{"line":53,"column":1}},"line":18},"1":{"name":"(anonymous_1)","decl":{"start":{"line":31,"column":8},"end":{"line":31,"column":9}},"loc":{"start":{"line":31,"column":21},"end":{"line":31,"column":48}},"line":31},"2":{"name":"(anonymous_2)","decl":{"start":{"line":43,"column":35},"end":{"line":43,"column":36}},"loc":{"start":{"line":43,"column":48},"end":{"line":48,"column":7}},"line":43}},"branchMap":{"0":{"loc":{"start":{"line":18,"column":16},"end":{"line":18,"column":37}},"type":"default-arg","locations":[{"start":{"line":18,"column":24},"end":{"line":18,"column":37}}],"line":18},"1":{"loc":{"start":{"line":19,"column":2},"end":{"line":52,"column":3}},"type":"switch","locations":[{"start":{"line":20,"column":2},"end":{"line":20,"column":64}},{"start":{"line":21,"column":2},"end":{"line":21,"column":76}},{"start":{"line":22,"column":2},"end":{"line":25,"column":4}},{"start":{"line":26,"column":2},"end":{"line":26,"column":74}},{"start":{"line":27,"column":2},"end":{"line":33,"column":4}},{"start":{"line":34,"column":2},"end":{"line":39,"column":6}},{"start":{"line":40,"column":2},"end":{"line":50,"column":6}},{"start":{"line":51,"column":2},"end":{"line":51,"column":24}}],"line":19},"2":{"loc":{"start":{"line":44,"column":8},"end":{"line":46,"column":9}},"type":"if","locations":[{"start":{"line":44,"column":8},"end":{"line":46,"column":9}},{"start":{},"end":{}}],"line":44}},"s":{"0":1,"1":16,"2":4,"3":3,"4":1,"5":0,"6":1,"7":1,"8":1,"9":1,"10":1,"11":1,"12":0,"13":5},"f":{"0":16,"1":1,"2":1},"b":{"0":[3],"1":[4,3,1,0,1,1,1,5],"2":[1,0]},"_coverageSchema":"1a1c01bbd47fc00a2c39e90264f33305004495a9","hash":"ed0fd0f259a199f5ea7ccb0445d97a82455b1f7a"}
}
