TN:
SF:src/App.js
FN:7,(anonymous_0)
FNF:1
FNH:1
FNDA:2,(anonymous_0)
DA:8,2
LF:1
LH:1
BRF:0
BRH:0
end_of_record
TN:
SF:src/components/EditForm.jsx
FN:8,(anonymous_0)
FN:20,(anonymous_1)
FN:33,(anonymous_2)
FN:38,(anonymous_3)
FN:42,(anonymous_4)
FN:56,(anonymous_5)
FN:158,(anonymous_6)
FNF:7
FNH:6
FNDA:1,(anonymous_0)
FNDA:1,(anonymous_1)
FNDA:0,(anonymous_2)
FNDA:1,(anonymous_3)
FNDA:1,(anonymous_4)
FNDA:2,(anonymous_5)
FNDA:2,(anonymous_6)
DA:9,1
DA:11,1
DA:21,1
DA:22,1
DA:23,1
DA:24,1
DA:33,1
DA:34,0
DA:35,0
DA:38,1
DA:39,1
DA:40,1
DA:41,1
DA:42,1
DA:43,1
DA:53,1
DA:57,2
DA:58,2
DA:59,2
DA:158,2
DA:164,1
LF:21
LH:19
BRF:0
BRH:0
end_of_record
TN:
SF:src/components/Header.jsx
FN:9,(anonymous_0)
FN:12,(anonymous_1)
FN:52,(anonymous_2)
FNF:3
FNH:3
FNDA:4,(anonymous_0)
FNDA:3,(anonymous_1)
FNDA:10,(anonymous_2)
DA:10,4
DA:11,4
DA:13,3
DA:14,3
DA:18,4
DA:52,10
DA:57,1
LF:7
LH:7
BRF:0
BRH:0
end_of_record
TN:
SF:src/components/LoginBox.jsx
FN:9,(anonymous_0)
FN:20,(anonymous_1)
FN:22,(anonymous_2)
FN:32,(anonymous_3)
FN:41,(anonymous_4)
FNF:5
FNH:5
FNDA:1,(anonymous_0)
FNDA:24,(anonymous_1)
FNDA:24,(anonymous_2)
FNDA:1,(anonymous_3)
FNDA:50,(anonymous_4)
DA:10,1
DA:12,1
DA:20,1
DA:21,24
DA:22,24
DA:23,24
DA:24,24
DA:25,24
DA:26,24
DA:32,1
DA:33,1
DA:34,1
DA:35,1
DA:36,1
DA:42,50
DA:43,50
DA:44,1
DA:48,49
DA:84,1
LF:19
LH:19
BRDA:25,0,0,24
BRDA:25,0,1,4
BRDA:43,1,0,1
BRDA:43,1,1,49
BRF:4
BRH:4
end_of_record
TN:
SF:src/components/Table.jsx
FN:8,(anonymous_0)
FN:13,(anonymous_1)
FN:18,(anonymous_2)
FN:37,(anonymous_3)
FN:64,(anonymous_4)
FN:74,(anonymous_5)
FN:90,(anonymous_6)
FNF:7
FNH:7
FNDA:1,(anonymous_0)
FNDA:1,(anonymous_1)
FNDA:4,(anonymous_2)
FNDA:3,(anonymous_3)
FNDA:1,(anonymous_4)
FNDA:1,(anonymous_5)
FNDA:10,(anonymous_6)
DA:8,1
DA:9,1
DA:10,1
DA:13,1
DA:14,1
DA:15,1
DA:19,4
DA:20,4
DA:38,3
DA:65,1
DA:75,1
DA:90,10
DA:94,1
LF:13
LH:13
BRF:0
BRH:0
end_of_record
TN:
SF:src/components/WalletForm.jsx
FN:8,(anonymous_0)
FN:21,(anonymous_1)
FN:26,(anonymous_2)
FN:31,(anonymous_3)
FN:49,(anonymous_4)
FN:157,(anonymous_5)
FNF:6
FNH:6
FNDA:2,(anonymous_0)
FNDA:2,(anonymous_1)
FNDA:2,(anonymous_2)
FNDA:1,(anonymous_3)
FNDA:8,(anonymous_4)
FNDA:10,(anonymous_5)
DA:9,2
DA:11,2
DA:22,2
DA:23,2
DA:26,2
DA:27,2
DA:28,2
DA:31,2
DA:32,1
DA:33,1
DA:34,1
DA:35,1
DA:36,1
DA:39,1
DA:40,1
DA:50,8
DA:51,8
DA:52,8
DA:157,10
DA:161,1
LF:20
LH:20
BRF:0
BRH:0
end_of_record
TN:
SF:src/helpers/currenciesAPI.js
FN:1,(anonymous_0)
FNF:1
FNH:1
FNDA:4,(anonymous_0)
DA:1,1
DA:2,4
DA:3,4
DA:4,4
LF:4
LH:4
BRF:0
BRH:0
end_of_record
TN:
SF:src/pages/Login.jsx
FN:6,(anonymous_0)
FNF:1
FNH:1
FNDA:1,(anonymous_0)
DA:7,1
LF:1
LH:1
BRF:0
BRH:0
end_of_record
TN:
SF:src/pages/Wallet.jsx
FN:11,(anonymous_0)
FN:23,(anonymous_1)
FNF:2
FNH:2
FNDA:3,(anonymous_0)
FNDA:12,(anonymous_1)
DA:12,3
DA:13,3
DA:23,12
DA:27,1
LF:4
LH:4
BRDA:17,0,0,1
BRDA:17,0,1,2
BRF:2
BRH:2
end_of_record
TN:
SF:src/redux/actions/index.js
FN:12,(anonymous_0)
FN:16,(anonymous_1)
FN:18,(anonymous_2)
FN:21,(anonymous_3)
FN:26,(anonymous_4)
FN:31,(anonymous_5)
FN:31,(anonymous_6)
FN:43,login
FN:50,(anonymous_8)
FN:50,(anonymous_9)
FN:65,(anonymous_10)
FN:70,(anonymous_11)
FN:75,(anonymous_12)
FNF:13
FNH:12
FNDA:4,(anonymous_0)
FNDA:3,(anonymous_1)
FNDA:48,(anonymous_2)
FNDA:1,(anonymous_3)
FNDA:0,(anonymous_4)
FNDA:3,(anonymous_5)
FNDA:3,(anonymous_6)
FNDA:1,login
FNDA:1,(anonymous_8)
FNDA:1,(anonymous_9)
FNDA:1,(anonymous_10)
FNDA:1,(anonymous_11)
FNDA:1,(anonymous_12)
DA:3,1
DA:4,1
DA:5,1
DA:6,1
DA:7,1
DA:8,1
DA:9,1
DA:10,1
DA:12,4
DA:16,3
DA:18,48
DA:21,1
DA:26,1
DA:31,3
DA:32,3
DA:33,3
DA:34,3
DA:35,3
DA:36,3
DA:38,0
DA:39,0
DA:44,1
DA:50,1
DA:51,1
DA:52,1
DA:53,1
DA:54,1
DA:58,1
DA:60,0
DA:61,0
DA:65,1
DA:70,1
DA:75,1
LF:33
LH:29
BRF:0
BRH:0
end_of_record
TN:
SF:src/redux/reducers/index.js
FNF:0
FNH:0
DA:5,1
LF:1
LH:1
BRF:0
BRH:0
end_of_record
TN:
SF:src/redux/reducers/user.js
FN:7,user
FNF:1
FNH:1
FNDA:16,user
DA:3,1
DA:8,16
DA:9,1
DA:10,15
LF:4
LH:4
BRDA:7,0,0,3
BRDA:8,1,0,1
BRDA:8,1,1,15
BRF:3
BRH:3
end_of_record
TN:
SF:src/redux/reducers/wallet.js
FN:18,wallet
FN:31,(anonymous_1)
FN:43,(anonymous_2)
FNF:3
FNH:3
FNDA:16,wallet
FNDA:1,(anonymous_1)
FNDA:1,(anonymous_2)
DA:10,1
DA:19,16
DA:20,4
DA:21,3
DA:22,1
DA:26,0
DA:27,1
DA:31,1
DA:35,1
DA:41,1
DA:44,1
DA:45,1
DA:47,0
DA:51,5
LF:14
LH:12
BRDA:18,0,0,3
BRDA:19,1,0,4
BRDA:19,1,1,3
BRDA:19,1,2,1
BRDA:19,1,3,0
BRDA:19,1,4,1
BRDA:19,1,5,1
BRDA:19,1,6,1
BRDA:19,1,7,5
BRDA:44,2,0,1
BRDA:44,2,1,0
BRF:11
BRH:9
end_of_record
